2025-12-07T15:07:41.611Z [INFO] ----------------------invoke build_java_project----------------------
2025-12-07T15:07:41.611Z [INFO] [Tool.invoke]({name: build_java_project, input: {
  "projectPath": "c:\\Files\\Java Practise Problem",
  "codeChangesMessage": "Fix GuessTheNumber.java to be compilable",
  "codeChangesDetails": "- Fixed imports and logic in GuessTheNumber.java\n- Removed broken duplicate file earlier"
}}).
2025-12-07T15:07:41.612Z [INFO] [Task.start](): Starting task toolCall
2025-12-07T15:07:41.613Z [INFO] [Task.start](): Started task toolCall
2025-12-07T15:07:41.613Z [INFO] [Tool.invoke] validate GitHub Copilot license.
2025-12-07T15:07:41.614Z [INFO] [Tool.invoke] do pre-invoke.
2025-12-07T15:07:41.614Z [INFO] Project c:\Files\Java Practise Problem is a maven project, try to get java version from pom.xml
2025-12-07T15:07:41.620Z [INFO] Project java version: 21
2025-12-07T15:07:41.620Z [INFO] Maven project detected.
2025-12-07T15:07:41.621Z [INFO] Build tool type: mvn
2025-12-07T15:07:41.735Z [INFO] [Environment] Running command (Java 21): java -version
openjdk version "21.0.8" 2025-07-15 LTS
OpenJDK Runtime Environment Microsoft-11933218 (build 21.0.8+9-LTS)
OpenJDK 64-Bit Server VM Microsoft-11933218 (build 21.0.8+9-LTS, mixed mode, sharing)
2025-12-07T15:07:41.889Z [INFO] [JdkEnvironment] Got real Java version: 21.0.8
2025-12-07T15:07:41.889Z [INFO] JDK: {
  "name": "java",
  "path": "C:\\Users\\Ansh Mishra\\.jdk\\jdk-21.0.8\\bin",
  "version": "21"
}
2025-12-07T15:07:41.901Z [INFO] [Environment] Running command (Java 21): mvn --version
Apache Maven 3.9.11 (3e54c93a704957b63ee3494413a2b544fd3d825b)
Maven home: C:\Program Files\apache-maven-3.9.11
Java version: 21.0.8, vendor: Microsoft, runtime: C:\Users\Ansh Mishra\.jdk\jdk-21.0.8
Default locale: en_IN, platform encoding: UTF-8
OS name: "windows 11", version: "10.0", arch: "amd64", family: "windows"
2025-12-07T15:07:42.552Z [INFO] Real build tool version: 3.9.11
2025-12-07T15:07:42.553Z [INFO] Build tool: {
  "name": "mvn",
  "path": "C:\\Program Files\\apache-maven-3.9.11\\bin",
  "version": "3.9.11"
}
2025-12-07T15:07:42.571Z [INFO] Project config: {
  "buildTool": {
    "path": "C:\\Program Files\\apache-maven-3.9.11\\bin",
    "name": "mvn",
    "version": "3.9.11"
  },
  "jdk": {
    "path": "C:\\Users\\Ansh Mishra\\.jdk\\jdk-21.0.8\\bin",
    "name": "java",
    "version": "21"
  },
  "name": "Java Practise Problem",
  "dir": "c:\\Files\\Java Practise Problem"
}
2025-12-07T15:07:42.580Z [INFO] [Tool.invoke] do invoke.
2025-12-07T15:07:42.580Z [INFO] [BaseBuildTool] Firing config modified event for mvn, sleeping for 5 seconds
2025-12-07T15:07:42.581Z [INFO] [Environment] Running command (Java 21): mvn --version
Apache Maven 3.9.11 (3e54c93a704957b63ee3494413a2b544fd3d825b)
Maven home: C:\Program Files\apache-maven-3.9.11
Java version: 21.0.8, vendor: Microsoft, runtime: C:\Users\Ansh Mishra\.jdk\jdk-21.0.8
Default locale: en_IN, platform encoding: UTF-8
OS name: "windows 11", version: "10.0", arch: "amd64", family: "windows"
2025-12-07T15:07:43.264Z [INFO] [BaseBuildTool] New version of mvn: 3.9.11 -> 3.9.11
2025-12-07T15:07:43.265Z [INFO] [MavenBuildTool] Getting Java version of c:\Files\Java Practise Problem from pom.xml
2025-12-07T15:07:43.265Z [INFO] [MavenBuildTool] Searching for pom.xml files in c:\Files\Java Practise Problem
2025-12-07T15:07:43.265Z [INFO] [MavenBuildTool] Getting all module coordinates of c:\Files\Java Practise Problem
2025-12-07T15:07:43.266Z [INFO] [MavenBuildTool] Getting effective POMs of c:\Files\Java Practise Problem
2025-12-07T15:07:43.267Z [INFO] [Environment] Running command (Java 21): mvn help:effective-pom -Doutput=effective-pom-23b4f351-1f7e-4532-9f8d-fdf2fea3fe61.log
[INFO] Scanning for projects...
[INFO] 
[INFO] ---------------< com.techbyanshuu:java-practise-problem >---------------
[INFO] Building java-practise-problem 1.0-SNAPSHOT
[INFO]   from pom.xml
[INFO] --------------------------------[ jar ]---------------------------------
[INFO] 
[INFO] --- help:3.5.1:effective-pom (default-cli) @ java-practise-problem ---
[INFO] Effective-POM written to: c:\Files\Java Practise Problem\effective-pom-23b4f351-1f7e-4532-9f8d-fdf2fea3fe61.log
[INFO] ------------------------------------------------------------------------
[INFO] BUILD SUCCESS
[INFO] ------------------------------------------------------------------------
[INFO] Total time:  1.303 s
[INFO] Finished at: 2025-12-07T20:37:47+05:30
[INFO] ------------------------------------------------------------------------
2025-12-07T15:07:47.489Z [INFO] [MavenBuildTool] Found pom.xml files: c:\Files\Java Practise Problem\pom.xml
2025-12-07T15:07:47.500Z [INFO] [MavenBuildTool] Java version found in c:\Files\Java Practise Problem\pom.xml: 21
2025-12-07T15:07:47.502Z [INFO] [BaseBuildTool] Notifying Java version/Config change: '21' || '21'
2025-12-07T15:07:47.503Z [INFO] [Project Java Practise Problem]: Java version of project Java Practise Problem is changed.
2025-12-07T15:07:47.503Z [INFO] [Project Java Practise Problem]: Java version of project Java Practise Problem is changed to '21' || '21'
2025-12-07T15:07:47.504Z [INFO] [Project Java Practise Problem]: build tool config of project Java Practise Problem is modified.
2025-12-07T15:07:47.505Z [INFO] [Project Java Practise Problem]: dependencies of project Java Practise Problem may be changed, resetting promise.
2025-12-07T15:07:47.505Z [INFO] [MavenBuildTool] Getting build errors of c:\Files\Java Practise Problem using Maven
2025-12-07T15:07:47.506Z [INFO] [Environment] Running command (Java 21): mvn clean test-compile -q -B -fn
[ERROR] COMPILATION ERROR : 
[ERROR] /c:/Files/Java Practise Problem/src/main/java/GuessTheNumber.java:[26,1] class, interface, enum, or record expected
[ERROR] /c:/Files/Java Practise Problem/src/main/java/GuessTheNumber.java:[33,28] unclosed string literal
[ERROR] /c:/Files/Java Practise Problem/src/main/java/GuessTheNumber.java:[34,37] ';' expected
[ERROR] /c:/Files/Java Practise Problem/src/main/java/GuessTheNumber.java:[39,58] ';' expected
[ERROR] /c:/Files/Java Practise Problem/src/main/java/GuessTheNumber.java:[41,59] ';' expected
[ERROR] /c:/Files/Java Practise Problem/src/main/java/GuessTheNumber.java:[43,108] unclosed string literal
[ERROR] Failed to execute goal org.apache.maven.plugins:maven-compiler-plugin:3.11.0:compile (default-compile) on project java-practise-problem: Compilation failure: Compilation failure: 
[ERROR] /c:/Files/Java Practise Problem/src/main/java/GuessTheNumber.java:[26,1] class, interface, enum, or record expected
[ERROR] /c:/Files/Java Practise Problem/src/main/java/GuessTheNumber.java:[33,28] unclosed string literal
[ERROR] /c:/Files/Java Practise Problem/src/main/java/GuessTheNumber.java:[34,37] ';' expected
[ERROR] /c:/Files/Java Practise Problem/src/main/java/GuessTheNumber.java:[39,58] ';' expected
[ERROR] /c:/Files/Java Practise Problem/src/main/java/GuessTheNumber.java:[41,59] ';' expected
[ERROR] /c:/Files/Java Practise Problem/src/main/java/GuessTheNumber.java:[43,108] unclosed string literal
[ERROR] -> [Help 1]
[ERROR] 
[ERROR] To see the full stack trace of the errors, re-run Maven with the -e switch.
[ERROR] Re-run Maven using the -X switch to enable full debug logging.
[ERROR] 
[ERROR] For more information about the errors and possible solutions, please read the following articles:
[ERROR] [Help 1] http://cwiki.apache.org/confluence/display/MAVEN/MojoFailureException
2025-12-07T15:07:51.650Z [INFO] [MavenBuildTool] parsing compilation errors.
2025-12-07T15:07:51.650Z [INFO] [BaseBuildTool] Found 1 modules: .
2025-12-07T15:07:51.654Z [INFO] [BaseBuildTool] Finish counting Java and class files
2025-12-07T15:07:51.654Z [INFO] [MavenBuildTool] Cleaning c:\Files\Java Practise Problem using Maven
2025-12-07T15:07:51.655Z [INFO] [Environment] Running command (Java 21): mvn clean -q -B -fn
2025-12-07T15:07:54.739Z [INFO] [Project Java Practise Problem]: Compilation errors of project Java Practise Problem is updated: 0 -> 1
2025-12-07T15:07:54.740Z [INFO] [Tool.invoke]({result: {
  "message": "Build failed with 1 errors using command: `mvn clean test-compile -q -B -fn`.\n- === Config File error     The below errors can be due to missing dependencies. You may have to refer     to the config files provided earlier to solve it.     'errorMessage': Failed to execute goal org.apache.maven.plugins:maven-compiler-plugin:3.11.0:compile (default-compile) on project java-practise-problem: Compilation failure: Compilation failure:   /c:/Files/Java Practise Problem/src/main/java/GuessTheNumber.java:[26,1] class, interface, enum, or record expected   /c:/Files/Java Practise Problem/src/main/java/GuessTheNumber.java:[33,28] unclosed string literal   /c:/Files/Java Practise Problem/src/main/java/GuessTheNumber.java:[34,37] ';' expected   /c:/Files/Java Practise Problem/src/main/java/GuessTheNumber.java:[39,58] ';' expected   /c:/Files/Java Practise Problem/src/main/java/GuessTheNumber.java:[41,59] ';' expected   /c:/Files/Java Practise Problem/src/main/java/GuessTheNumber.java:[43,108] unclosed string literal \n  ```\n  Failed to execute goal org.apache.maven.plugins:maven-compiler-plugin:3.11.0:compile (default-compile) on project java-practise-problem: Compilation failure: Compilation failure:   /c:/Files/Java Practise Problem/src/main/java/GuessTheNumber.java:[26,1] class, interface, enum, or record expected   /c:/Files/Java Practise Problem/src/main/java/GuessTheNumber.java:[33,28] unclosed string literal   /c:/Files/Java Practise Problem/src/main/java/GuessTheNumber.java:[34,37] ';' expected   /c:/Files/Java Practise Problem/src/main/java/GuessTheNumber.java:[39,58] ';' expected   /c:/Files/Java Practise Problem/src/main/java/GuessTheNumber.java:[41,59] ';' expected   /c:/Files/Java Practise Problem/src/main/java/GuessTheNumber.java:[43,108] unclosed string literal\n  ```",
  "result": {
    "numOfJavaFiles": 10,
    "numOfClassFiles": 0,
    "modulesBuildResult": {
      ".": {
        "numOfJavaFiles": 10,
        "numOfClassFiles": 0
      }
    },
    "errors": [
      {
        "errorMessage": "\n    === Config File error\n    The below errors can be due to missing dependencies. You may have to refer\n    to the config files provided earlier to solve it.\n    'errorMessage': Failed to execute goal org.apache.maven.plugins:maven-compiler-plugin:3.11.0:compile (default-compile) on project java-practise-problem: Compilation failure: Compilation failure:   /c:/Files/Java Practise Problem/src/main/java/GuessTheNumber.java:[26,1] class, interface, enum, or record expected   /c:/Files/Java Practise Problem/src/main/java/GuessTheNumber.java:[33,28] unclosed string literal   /c:/Files/Java Practise Problem/src/main/java/GuessTheNumber.java:[34,37] ';' expected   /c:/Files/Java Practise Problem/src/main/java/GuessTheNumber.java:[39,58] ';' expected   /c:/Files/Java Practise Problem/src/main/java/GuessTheNumber.java:[41,59] ';' expected   /c:/Files/Java Practise Problem/src/main/java/GuessTheNumber.java:[43,108] unclosed string literal\n",
        "raw": "Failed to execute goal org.apache.maven.plugins:maven-compiler-plugin:3.11.0:compile (default-compile) on project java-practise-problem: Compilation failure: Compilation failure:   /c:/Files/Java Practise Problem/src/main/java/GuessTheNumber.java:[26,1] class, interface, enum, or record expected   /c:/Files/Java Practise Problem/src/main/java/GuessTheNumber.java:[33,28] unclosed string literal   /c:/Files/Java Practise Problem/src/main/java/GuessTheNumber.java:[34,37] ';' expected   /c:/Files/Java Practise Problem/src/main/java/GuessTheNumber.java:[39,58] ';' expected   /c:/Files/Java Practise Problem/src/main/java/GuessTheNumber.java:[41,59] ';' expected   /c:/Files/Java Practise Problem/src/main/java/GuessTheNumber.java:[43,108] unclosed string literal"
      }
    ],
    "command": "mvn clean test-compile -q -B -fn"
  },
  "telemetry": {
    "result": "failed"
  }
}}).
2025-12-07T15:07:54.741Z [INFO] [Task.complete](): Completing task toolCall
2025-12-07T15:07:54.742Z [INFO] [Task.complete](): Completed task toolCall
2025-12-07T15:07:54.742Z [INFO] [Tool.invoke]({message: Build failed with 1 errors using command: `mvn clean test-compile -q -B -fn`.
- === Config File error     The below errors can be due to missing dependencies. You may have to refer     to the config files provided earlier to solve it.     'errorMessage': Failed to execute goal org.apache.maven.plugins:maven-compiler-plugin:3.11.0:compile (default-compile) on project java-practise-problem: Compilation failure: Compilation failure:   /c:/Files/Java Practise Problem/src/main/java/GuessTheNumber.java:[26,1] class, interface, enum, or record expected   /c:/Files/Java Practise Problem/src/main/java/GuessTheNumber.java:[33,28] unclosed string literal   /c:/Files/Java Practise Problem/src/main/java/GuessTheNumber.java:[34,37] ';' expected   /c:/Files/Java Practise Problem/src/main/java/GuessTheNumber.java:[39,58] ';' expected   /c:/Files/Java Practise Problem/src/main/java/GuessTheNumber.java:[41,59] ';' expected   /c:/Files/Java Practise Problem/src/main/java/GuessTheNumber.java:[43,108] unclosed string literal 
  ```
  Failed to execute goal org.apache.maven.plugins:maven-compiler-plugin:3.11.0:compile (default-compile) on project java-practise-problem: Compilation failure: Compilation failure:   /c:/Files/Java Practise Problem/src/main/java/GuessTheNumber.java:[26,1] class, interface, enum, or record expected   /c:/Files/Java Practise Problem/src/main/java/GuessTheNumber.java:[33,28] unclosed string literal   /c:/Files/Java Practise Problem/src/main/java/GuessTheNumber.java:[34,37] ';' expected   /c:/Files/Java Practise Problem/src/main/java/GuessTheNumber.java:[39,58] ';' expected   /c:/Files/Java Practise Problem/src/main/java/GuessTheNumber.java:[41,59] ';' expected   /c:/Files/Java Practise Problem/src/main/java/GuessTheNumber.java:[43,108] unclosed string literal
  ```}).
2025-12-07T15:07:54.743Z [INFO] ----------------------invoked build_java_project----------------------
2025-12-07T15:09:04.136Z [INFO] ---------------------prepare build_java_project----------------------
2025-12-07T15:09:04.137Z [INFO] [Tool.prepareInvocation]({name: build_java_project, input: {
  "projectPath": "c:\\Files\\Java Practise Problem",
  "codeChangesMessage": "Clean up GuessTheNumber.java; ensure project compiles under Java 21 (pom sets release 21)",
  "codeChangesDetails": "- Fixed GuessTheNumber.java\n- Ensured only one working GuessTheNumber class exists\n"
}}).
2025-12-07T15:09:04.138Z [INFO] [Tool.prepareInvocation] do prepare invocation.
2025-12-07T15:09:04.138Z [INFO] [Tool.prepareInvocation]({result: {
  "invocationMessage": "Build project"
}}).
2025-12-07T15:09:04.139Z [INFO] ----------------------prepared build_java_project----------------------
